This file contains any messages produced by compilers while
running configure, to aid debugging if configure makes a mistake.

It was created by example configure 0.1, which was
generated by GNU Autoconf 2.69.  Invocation command line was

  $ ./configure 

## --------- ##
## Platform. ##
## --------- ##

hostname = 84c44bab0863
uname -m = x86_64
uname -r = 4.9.60-linuxkit-aufs
uname -s = Linux
uname -v = #1 SMP Mon Nov 6 16:00:12 UTC 2017

/usr/bin/uname -p = unknown
/bin/uname -X     = unknown

/bin/arch              = x86_64
/usr/bin/arch -k       = unknown
/usr/convex/getsysinfo = unknown
/usr/bin/hostinfo      = unknown
/bin/machine           = unknown
/usr/bin/oslevel       = unknown
/bin/universe          = unknown

PATH: /usr/local/sbin
PATH: /usr/local/bin
PATH: /usr/sbin
PATH: /usr/bin
PATH: /sbin
PATH: /bin


## ----------- ##
## Core tests. ##
## ----------- ##

configure:2036: checking for gcc
configure:2052: found /usr/bin/gcc
configure:2063: result: gcc
configure:2292: checking for C compiler version
configure:2301: gcc --version >&5
gcc (Debian 7.3.0-5) 7.3.0
Copyright (C) 2017 Free Software Foundation, Inc.
This is free software; see the source for copying conditions.  There is NO
warranty; not even for MERCHANTABILITY or FITNESS FOR A PARTICULAR PURPOSE.

configure:2312: $? = 0
configure:2301: gcc -v >&5
Using built-in specs.
COLLECT_GCC=gcc
COLLECT_LTO_WRAPPER=/usr/lib/gcc/x86_64-linux-gnu/7/lto-wrapper
OFFLOAD_TARGET_NAMES=nvptx-none
OFFLOAD_TARGET_DEFAULT=1
Target: x86_64-linux-gnu
Configured with: ../src/configure -v --with-pkgversion='Debian 7.3.0-5' --with-bugurl=file:///usr/share/doc/gcc-7/README.Bugs --enable-languages=c,ada,c++,go,brig,d,fortran,objc,obj-c++ --prefix=/usr --with-gcc-major-version-only --program-suffix=-7 --program-prefix=x86_64-linux-gnu- --enable-shared --enable-linker-build-id --libexecdir=/usr/lib --without-included-gettext --enable-threads=posix --libdir=/usr/lib --enable-nls --with-sysroot=/ --enable-clocale=gnu --enable-libstdcxx-debug --enable-libstdcxx-time=yes --with-default-libstdcxx-abi=new --enable-gnu-unique-object --disable-vtable-verify --enable-libmpx --enable-plugin --enable-default-pie --with-system-zlib --with-target-system-zlib --enable-objc-gc=auto --enable-multiarch --disable-werror --with-arch-32=i686 --with-abi=m64 --with-multilib-list=m32,m64,mx32 --enable-multilib --with-tune=generic --enable-offload-targets=nvptx-none --without-cuda-driver --enable-checking=release --build=x86_64-linux-gnu --host=x86_64-linux-gnu --target=x86_64-linux-gnu
Thread model: posix
gcc version 7.3.0 (Debian 7.3.0-5) 
configure:2312: $? = 0
configure:2301: gcc -V >&5
gcc: error: unrecognized command line option '-V'
gcc: fatal error: no input files
compilation terminated.
configure:2312: $? = 1
configure:2301: gcc -qversion >&5
gcc: error: unrecognized command line option '-qversion'; did you mean '--version'?
gcc: fatal error: no input files
compilation terminated.
configure:2312: $? = 1
configure:2332: checking whether the C compiler works
configure:2354: gcc    conftest.c  >&5
configure:2358: $? = 0
configure:2406: result: yes
configure:2409: checking for C compiler default output file name
configure:2411: result: a.out
configure:2417: checking for suffix of executables
configure:2424: gcc -o conftest    conftest.c  >&5
configure:2428: $? = 0
configure:2450: result: 
configure:2472: checking whether we are cross compiling
configure:2480: gcc -o conftest    conftest.c  >&5
configure:2484: $? = 0
configure:2491: ./conftest
configure:2495: $? = 0
configure:2510: result: no
configure:2515: checking for suffix of object files
configure:2537: gcc -c   conftest.c >&5
configure:2541: $? = 0
configure:2562: result: o
configure:2566: checking whether we are using the GNU C compiler
configure:2585: gcc -c   conftest.c >&5
configure:2585: $? = 0
configure:2594: result: yes
configure:2603: checking whether gcc accepts -g
configure:2623: gcc -c -g  conftest.c >&5
configure:2623: $? = 0
configure:2664: result: yes
configure:2681: checking for gcc option to accept ISO C89
configure:2744: gcc  -c -g -O2  conftest.c >&5
configure:2744: $? = 0
configure:2757: result: none needed
configure:2783: checking how to run the C preprocessor
configure:2814: gcc -E  conftest.c
configure:2814: $? = 0
configure:2828: gcc -E  conftest.c
conftest.c:9:10: fatal error: ac_nonexistent.h: No such file or directory
 #include <ac_nonexistent.h>
          ^~~~~~~~~~~~~~~~~~
compilation terminated.
configure:2828: $? = 1
configure: failed program was:
| /* confdefs.h */
| #define PACKAGE_NAME "example"
| #define PACKAGE_TARNAME "example"
| #define PACKAGE_VERSION "0.1"
| #define PACKAGE_STRING "example 0.1"
| #define PACKAGE_BUGREPORT "keescook@chromium.org"
| #define PACKAGE_URL "http://outflux.net/teach-seccomp/"
| /* end confdefs.h.  */
| #include <ac_nonexistent.h>
configure:2853: result: gcc -E
configure:2873: gcc -E  conftest.c
configure:2873: $? = 0
configure:2887: gcc -E  conftest.c
conftest.c:9:10: fatal error: ac_nonexistent.h: No such file or directory
 #include <ac_nonexistent.h>
          ^~~~~~~~~~~~~~~~~~
compilation terminated.
configure:2887: $? = 1
configure: failed program was:
| /* confdefs.h */
| #define PACKAGE_NAME "example"
| #define PACKAGE_TARNAME "example"
| #define PACKAGE_VERSION "0.1"
| #define PACKAGE_STRING "example 0.1"
| #define PACKAGE_BUGREPORT "keescook@chromium.org"
| #define PACKAGE_URL "http://outflux.net/teach-seccomp/"
| /* end confdefs.h.  */
| #include <ac_nonexistent.h>
configure:2916: checking for grep that handles long lines and -e
configure:2974: result: /usr/bin/grep
configure:2979: checking for egrep
configure:3041: result: /usr/bin/grep -E
configure:3046: checking for ANSI C header files
configure:3066: gcc -c -g -O2  conftest.c >&5
configure:3066: $? = 0
configure:3139: gcc -o conftest -g -O2   conftest.c  >&5
configure:3139: $? = 0
configure:3139: ./conftest
configure:3139: $? = 0
configure:3150: result: yes
configure:3163: checking for sys/types.h
configure:3163: gcc -c -g -O2  conftest.c >&5
configure:3163: $? = 0
configure:3163: result: yes
configure:3163: checking for sys/stat.h
configure:3163: gcc -c -g -O2  conftest.c >&5
configure:3163: $? = 0
configure:3163: result: yes
configure:3163: checking for stdlib.h
configure:3163: gcc -c -g -O2  conftest.c >&5
configure:3163: $? = 0
configure:3163: result: yes
configure:3163: checking for string.h
configure:3163: gcc -c -g -O2  conftest.c >&5
configure:3163: $? = 0
configure:3163: result: yes
configure:3163: checking for memory.h
configure:3163: gcc -c -g -O2  conftest.c >&5
configure:3163: $? = 0
configure:3163: result: yes
configure:3163: checking for strings.h
configure:3163: gcc -c -g -O2  conftest.c >&5
configure:3163: $? = 0
configure:3163: result: yes
configure:3163: checking for inttypes.h
configure:3163: gcc -c -g -O2  conftest.c >&5
configure:3163: $? = 0
configure:3163: result: yes
configure:3163: checking for stdint.h
configure:3163: gcc -c -g -O2  conftest.c >&5
configure:3163: $? = 0
configure:3163: result: yes
configure:3163: checking for unistd.h
configure:3163: gcc -c -g -O2  conftest.c >&5
configure:3163: $? = 0
configure:3163: result: yes
configure:3177: checking linux/seccomp.h usability
configure:3177: gcc -c -g -O2  conftest.c >&5
configure:3177: $? = 0
configure:3177: result: yes
configure:3177: checking linux/seccomp.h presence
configure:3177: gcc -E  conftest.c
configure:3177: $? = 0
configure:3177: result: yes
configure:3177: checking for linux/seccomp.h
configure:3177: result: yes
configure:3301: creating ./config.status

## ---------------------- ##
## Running config.status. ##
## ---------------------- ##

This file was extended by example config.status 0.1, which was
generated by GNU Autoconf 2.69.  Invocation command line was

  CONFIG_FILES    = 
  CONFIG_HEADERS  = 
  CONFIG_LINKS    = 
  CONFIG_COMMANDS = 
  $ ./config.status 

on 84c44bab0863

config.status:676: creating config.h

## ---------------- ##
## Cache variables. ##
## ---------------- ##

ac_cv_c_compiler_gnu=yes
ac_cv_env_CC_set=
ac_cv_env_CC_value=
ac_cv_env_CFLAGS_set=
ac_cv_env_CFLAGS_value=
ac_cv_env_CPPFLAGS_set=
ac_cv_env_CPPFLAGS_value=
ac_cv_env_CPP_set=
ac_cv_env_CPP_value=
ac_cv_env_LDFLAGS_set=
ac_cv_env_LDFLAGS_value=
ac_cv_env_LIBS_set=
ac_cv_env_LIBS_value=
ac_cv_env_build_alias_set=
ac_cv_env_build_alias_value=
ac_cv_env_host_alias_set=
ac_cv_env_host_alias_value=
ac_cv_env_target_alias_set=
ac_cv_env_target_alias_value=
ac_cv_header_inttypes_h=yes
ac_cv_header_linux_seccomp_h=yes
ac_cv_header_memory_h=yes
ac_cv_header_stdc=yes
ac_cv_header_stdint_h=yes
ac_cv_header_stdlib_h=yes
ac_cv_header_string_h=yes
ac_cv_header_strings_h=yes
ac_cv_header_sys_stat_h=yes
ac_cv_header_sys_types_h=yes
ac_cv_header_unistd_h=yes
ac_cv_objext=o
ac_cv_path_EGREP='/usr/bin/grep -E'
ac_cv_path_GREP=/usr/bin/grep
ac_cv_prog_CPP='gcc -E'
ac_cv_prog_ac_ct_CC=gcc
ac_cv_prog_cc_c89=
ac_cv_prog_cc_g=yes

## ----------------- ##
## Output variables. ##
## ----------------- ##

CC='gcc'
CFLAGS='-g -O2'
CPP='gcc -E'
CPPFLAGS=''
DEFS='-DHAVE_CONFIG_H'
ECHO_C=''
ECHO_N='-n'
ECHO_T=''
EGREP='/usr/bin/grep -E'
EXEEXT=''
GREP='/usr/bin/grep'
LDFLAGS=''
LIBOBJS=''
LIBS=''
LTLIBOBJS=''
OBJEXT='o'
PACKAGE_BUGREPORT='keescook@chromium.org'
PACKAGE_NAME='example'
PACKAGE_STRING='example 0.1'
PACKAGE_TARNAME='example'
PACKAGE_URL='http://outflux.net/teach-seccomp/'
PACKAGE_VERSION='0.1'
PATH_SEPARATOR=':'
SHELL='/bin/bash'
ac_ct_CC='gcc'
bindir='${exec_prefix}/bin'
build_alias=''
datadir='${datarootdir}'
datarootdir='${prefix}/share'
docdir='${datarootdir}/doc/${PACKAGE_TARNAME}'
dvidir='${docdir}'
exec_prefix='${prefix}'
host_alias=''
htmldir='${docdir}'
includedir='${prefix}/include'
infodir='${datarootdir}/info'
libdir='${exec_prefix}/lib'
libexecdir='${exec_prefix}/libexec'
localedir='${datarootdir}/locale'
localstatedir='${prefix}/var'
mandir='${datarootdir}/man'
oldincludedir='/usr/include'
pdfdir='${docdir}'
prefix='/usr/local'
program_transform_name='s,x,x,'
psdir='${docdir}'
runstatedir='${localstatedir}/run'
sbindir='${exec_prefix}/sbin'
sharedstatedir='${prefix}/com'
sysconfdir='${prefix}/etc'
target_alias=''

## ----------- ##
## confdefs.h. ##
## ----------- ##

/* confdefs.h */
#define PACKAGE_NAME "example"
#define PACKAGE_TARNAME "example"
#define PACKAGE_VERSION "0.1"
#define PACKAGE_STRING "example 0.1"
#define PACKAGE_BUGREPORT "keescook@chromium.org"
#define PACKAGE_URL "http://outflux.net/teach-seccomp/"
#define STDC_HEADERS 1
#define HAVE_SYS_TYPES_H 1
#define HAVE_SYS_STAT_H 1
#define HAVE_STDLIB_H 1
#define HAVE_STRING_H 1
#define HAVE_MEMORY_H 1
#define HAVE_STRINGS_H 1
#define HAVE_INTTYPES_H 1
#define HAVE_STDINT_H 1
#define HAVE_UNISTD_H 1
#define HAVE_LINUX_SECCOMP_H 1

configure: exit 0
